
*** Running vivado
    with args -log system_wrapper.vdi -applog -m64 -product Vivado -messageDb vivado.pb -mode batch -source system_wrapper.tcl -notrace


****** Vivado v2018.1 (64-bit)
  **** SW Build 2188600 on Wed Apr  4 18:40:38 MDT 2018
  **** IP Build 2185939 on Wed Apr  4 20:55:05 MDT 2018
    ** Copyright 1986-2018 Xilinx, Inc. All Rights Reserved.

source system_wrapper.tcl -notrace
INFO: [IP_Flow 19-234] Refreshing IP repositories
INFO: [IP_Flow 19-1700] Loaded user IP repository 'c:/Microarquitecturas_y_softcores/encoder_ip'.
INFO: [IP_Flow 19-2313] Loaded Vivado IP repository 'C:/Xilinx/Vivado/2018.1/data/ip'.
add_files: Time (s): cpu = 00:00:05 ; elapsed = 00:00:06 . Memory (MB): peak = 289.637 ; gain = 38.422
Command: link_design -top system_wrapper -part xc7z010clg400-1
Design is defaulting to srcset: sources_1
Design is defaulting to constrset: constrs_1
INFO: [Project 1-454] Reading design checkpoint 'c:/Microarquitecturas_y_softcores/MyS_TP_final/encoder/encoder.srcs/sources_1/bd/system/ip/system_encoder_ip_0_0/system_encoder_ip_0_0.dcp' for cell 'system_i/encoder_ip'
INFO: [Project 1-454] Reading design checkpoint 'c:/Microarquitecturas_y_softcores/MyS_TP_final/encoder/encoder.srcs/sources_1/bd/system/ip/system_processing_system7_0_0/system_processing_system7_0_0.dcp' for cell 'system_i/processing_system7_0'
INFO: [Project 1-454] Reading design checkpoint 'c:/Microarquitecturas_y_softcores/MyS_TP_final/encoder/encoder.srcs/sources_1/bd/system/ip/system_rst_ps7_0_100M_0/system_rst_ps7_0_100M_0.dcp' for cell 'system_i/rst_ps7_0_100M'
INFO: [Project 1-454] Reading design checkpoint 'c:/Microarquitecturas_y_softcores/MyS_TP_final/encoder/encoder.srcs/sources_1/bd/system/ip/system_auto_pc_0/system_auto_pc_0.dcp' for cell 'system_i/ps7_0_axi_periph/s00_couplers/auto_pc'
INFO: [Netlist 29-17] Analyzing 29 Unisim elements for replacement
INFO: [Netlist 29-28] Unisim Transformation completed in 0 CPU seconds
INFO: [Project 1-479] Netlist was created with Vivado 2018.1
INFO: [Device 21-403] Loading part xc7z010clg400-1
INFO: [Project 1-570] Preparing netlist for logic optimization
Parsing XDC File [c:/Microarquitecturas_y_softcores/MyS_TP_final/encoder/encoder.srcs/sources_1/bd/system/ip/system_processing_system7_0_0/system_processing_system7_0_0.xdc] for cell 'system_i/processing_system7_0/inst'
Finished Parsing XDC File [c:/Microarquitecturas_y_softcores/MyS_TP_final/encoder/encoder.srcs/sources_1/bd/system/ip/system_processing_system7_0_0/system_processing_system7_0_0.xdc] for cell 'system_i/processing_system7_0/inst'
Parsing XDC File [c:/Microarquitecturas_y_softcores/MyS_TP_final/encoder/encoder.srcs/sources_1/bd/system/ip/system_rst_ps7_0_100M_0/system_rst_ps7_0_100M_0_board.xdc] for cell 'system_i/rst_ps7_0_100M/U0'
Finished Parsing XDC File [c:/Microarquitecturas_y_softcores/MyS_TP_final/encoder/encoder.srcs/sources_1/bd/system/ip/system_rst_ps7_0_100M_0/system_rst_ps7_0_100M_0_board.xdc] for cell 'system_i/rst_ps7_0_100M/U0'
Parsing XDC File [c:/Microarquitecturas_y_softcores/MyS_TP_final/encoder/encoder.srcs/sources_1/bd/system/ip/system_rst_ps7_0_100M_0/system_rst_ps7_0_100M_0.xdc] for cell 'system_i/rst_ps7_0_100M/U0'
Finished Parsing XDC File [c:/Microarquitecturas_y_softcores/MyS_TP_final/encoder/encoder.srcs/sources_1/bd/system/ip/system_rst_ps7_0_100M_0/system_rst_ps7_0_100M_0.xdc] for cell 'system_i/rst_ps7_0_100M/U0'
Parsing XDC File [C:/Microarquitecturas_y_softcores/MyS_TP_final/encoder/encoder.srcs/constrs_1/imports/MyS_TP_final/TPfinal_ArtyZ7_10.xdc]
Finished Parsing XDC File [C:/Microarquitecturas_y_softcores/MyS_TP_final/encoder/encoder.srcs/constrs_1/imports/MyS_TP_final/TPfinal_ArtyZ7_10.xdc]
INFO: [Opt 31-138] Pushed 0 inverter(s) to 0 load pin(s).
INFO: [Project 1-111] Unisim Transformation Summary:
No Unisim elements were transformed.

14 Infos, 0 Warnings, 0 Critical Warnings and 0 Errors encountered.
link_design completed successfully
link_design: Time (s): cpu = 00:00:20 ; elapsed = 00:00:28 . Memory (MB): peak = 636.238 ; gain = 346.602
Command: opt_design
Attempting to get a license for feature 'Implementation' and/or device 'xc7z010'
INFO: [Common 17-349] Got license for feature 'Implementation' and/or device 'xc7z010'
Running DRC as a precondition to command opt_design

Starting DRC Task
INFO: [DRC 23-27] Running DRC with 2 threads
INFO: [Project 1-461] DRC finished with 0 Errors
INFO: [Project 1-462] Please refer to the DRC report (report_drc) for more information.

Time (s): cpu = 00:00:02 ; elapsed = 00:00:01 . Memory (MB): peak = 645.484 ; gain = 9.246
INFO: [Timing 38-35] Done setting XDC timing constraints.

Starting Logic Optimization Task

Phase 1 Retarget
INFO: [Opt 31-138] Pushed 1 inverter(s) to 32 load pin(s).
INFO: [Opt 31-49] Retargeted 0 cell(s).
Phase 1 Retarget | Checksum: 1c33c623c

Time (s): cpu = 00:00:00 ; elapsed = 00:00:00.496 . Memory (MB): peak = 1177.473 ; gain = 0.000
INFO: [Opt 31-389] Phase Retarget created 0 cells and removed 0 cells

Phase 2 Constant propagation
INFO: [Opt 31-138] Pushed 0 inverter(s) to 0 load pin(s).
Phase 2 Constant propagation | Checksum: 1d223eb5f

Time (s): cpu = 00:00:00 ; elapsed = 00:00:00.593 . Memory (MB): peak = 1177.473 ; gain = 0.000
INFO: [Opt 31-389] Phase Constant propagation created 0 cells and removed 8 cells

Phase 3 Sweep
Phase 3 Sweep | Checksum: 1b8e4a09a

Time (s): cpu = 00:00:01 ; elapsed = 00:00:01 . Memory (MB): peak = 1177.473 ; gain = 0.000
INFO: [Opt 31-389] Phase Sweep created 0 cells and removed 389 cells

Phase 4 BUFG optimization
Phase 4 BUFG optimization | Checksum: 1b8e4a09a

Time (s): cpu = 00:00:01 ; elapsed = 00:00:02 . Memory (MB): peak = 1177.473 ; gain = 0.000
INFO: [Opt 31-389] Phase BUFG optimization created 0 cells and removed 0 cells

Phase 5 Shift Register Optimization
Phase 5 Shift Register Optimization | Checksum: 1b8e4a09a

Time (s): cpu = 00:00:01 ; elapsed = 00:00:02 . Memory (MB): peak = 1177.473 ; gain = 0.000
INFO: [Opt 31-389] Phase Shift Register Optimization created 0 cells and removed 0 cells

Phase 6 Post Processing Netlist
Phase 6 Post Processing Netlist | Checksum: 1b8e4a09a

Time (s): cpu = 00:00:01 ; elapsed = 00:00:02 . Memory (MB): peak = 1177.473 ; gain = 0.000
INFO: [Opt 31-389] Phase Post Processing Netlist created 0 cells and removed 0 cells

Starting Connectivity Check Task

Time (s): cpu = 00:00:00 ; elapsed = 00:00:00.010 . Memory (MB): peak = 1177.473 ; gain = 0.000
Ending Logic Optimization Task | Checksum: 1b8e4a09a

Time (s): cpu = 00:00:01 ; elapsed = 00:00:02 . Memory (MB): peak = 1177.473 ; gain = 0.000

Starting Power Optimization Task
INFO: [Pwropt 34-132] Skipping clock gating for clocks with a period < 2.00 ns.
Ending Power Optimization Task | Checksum: d56fe883

Time (s): cpu = 00:00:00 ; elapsed = 00:00:00.045 . Memory (MB): peak = 1177.473 ; gain = 0.000
INFO: [Common 17-83] Releasing license: Implementation
30 Infos, 0 Warnings, 0 Critical Warnings and 0 Errors encountered.
opt_design completed successfully
opt_design: Time (s): cpu = 00:00:28 ; elapsed = 00:00:31 . Memory (MB): peak = 1177.473 ; gain = 541.234
INFO: [Timing 38-480] Writing timing data to binary archive.
Writing placer database...
Writing XDEF routing.
Writing XDEF routing logical nets.
Writing XDEF routing special nets.
Write XDEF Complete: Time (s): cpu = 00:00:00 ; elapsed = 00:00:00.198 . Memory (MB): peak = 1177.473 ; gain = 0.000
INFO: [Common 17-1381] The checkpoint 'C:/Microarquitecturas_y_softcores/MyS_TP_final/encoder/encoder.runs/impl_2/system_wrapper_opt.dcp' has been generated.
INFO: [runtcl-4] Executing : report_drc -file system_wrapper_drc_opted.rpt -pb system_wrapper_drc_opted.pb -rpx system_wrapper_drc_opted.rpx
Command: report_drc -file system_wrapper_drc_opted.rpt -pb system_wrapper_drc_opted.pb -rpx system_wrapper_drc_opted.rpx
INFO: [DRC 23-27] Running DRC with 2 threads
INFO: [Coretcl 2-168] The results of DRC are in file C:/Microarquitecturas_y_softcores/MyS_TP_final/encoder/encoder.runs/impl_2/system_wrapper_drc_opted.rpt.
report_drc completed successfully
Command: place_design
Attempting to get a license for feature 'Implementation' and/or device 'xc7z010'
INFO: [Common 17-349] Got license for feature 'Implementation' and/or device 'xc7z010'
INFO: [DRC 23-27] Running DRC with 2 threads
INFO: [Vivado_Tcl 4-198] DRC finished with 0 Errors
INFO: [Vivado_Tcl 4-199] Please refer to the DRC report (report_drc) for more information.
Running DRC as a precondition to command place_design
INFO: [DRC 23-27] Running DRC with 2 threads
INFO: [Vivado_Tcl 4-198] DRC finished with 0 Errors
INFO: [Vivado_Tcl 4-199] Please refer to the DRC report (report_drc) for more information.

Starting Placer Task
INFO: [Place 30-611] Multithreading enabled for place_design using a maximum of 2 CPUs

Phase 1 Placer Initialization

Phase 1.1 Placer Initialization Netlist Sorting
Netlist sorting complete. Time (s): cpu = 00:00:00 ; elapsed = 00:00:00.009 . Memory (MB): peak = 1177.473 ; gain = 0.000
Phase 1.1 Placer Initialization Netlist Sorting | Checksum: d1445bd3

Time (s): cpu = 00:00:00 ; elapsed = 00:00:00.053 . Memory (MB): peak = 1177.473 ; gain = 0.000
INFO: [Timing 38-35] Done setting XDC timing constraints.
INFO: [Opt 31-138] Pushed 0 inverter(s) to 0 load pin(s).
Netlist sorting complete. Time (s): cpu = 00:00:00 ; elapsed = 00:00:00.011 . Memory (MB): peak = 1177.473 ; gain = 0.000

Phase 1.2 IO Placement/ Clock Placement/ Build Placer Device
INFO: [Timing 38-35] Done setting XDC timing constraints.
Phase 1.2 IO Placement/ Clock Placement/ Build Placer Device | Checksum: d4b9645c

Time (s): cpu = 00:00:04 ; elapsed = 00:00:04 . Memory (MB): peak = 1177.473 ; gain = 0.000

Phase 1.3 Build Placer Netlist Model
Phase 1.3 Build Placer Netlist Model | Checksum: 10ccf83ed

Time (s): cpu = 00:00:05 ; elapsed = 00:00:05 . Memory (MB): peak = 1177.473 ; gain = 0.000

Phase 1.4 Constrain Clocks/Macros
Phase 1.4 Constrain Clocks/Macros | Checksum: 10ccf83ed

Time (s): cpu = 00:00:05 ; elapsed = 00:00:05 . Memory (MB): peak = 1177.473 ; gain = 0.000
Phase 1 Placer Initialization | Checksum: 10ccf83ed

Time (s): cpu = 00:00:05 ; elapsed = 00:00:05 . Memory (MB): peak = 1177.473 ; gain = 0.000

Phase 2 Global Placement
Phase 2 Global Placement | Checksum: 110a88bf8

Time (s): cpu = 00:00:09 ; elapsed = 00:00:07 . Memory (MB): peak = 1177.473 ; gain = 0.000

Phase 3 Detail Placement

Phase 3.1 Commit Multi Column Macros
Phase 3.1 Commit Multi Column Macros | Checksum: 110a88bf8

Time (s): cpu = 00:00:09 ; elapsed = 00:00:07 . Memory (MB): peak = 1177.473 ; gain = 0.000

Phase 3.2 Commit Most Macros & LUTRAMs
Phase 3.2 Commit Most Macros & LUTRAMs | Checksum: 20e4b98cb

Time (s): cpu = 00:00:09 ; elapsed = 00:00:08 . Memory (MB): peak = 1177.473 ; gain = 0.000

Phase 3.3 Area Swap Optimization
Phase 3.3 Area Swap Optimization | Checksum: 1a74c90ee

Time (s): cpu = 00:00:09 ; elapsed = 00:00:08 . Memory (MB): peak = 1177.473 ; gain = 0.000

Phase 3.4 Pipeline Register Optimization
Phase 3.4 Pipeline Register Optimization | Checksum: 1a74c90ee

Time (s): cpu = 00:00:09 ; elapsed = 00:00:08 . Memory (MB): peak = 1177.473 ; gain = 0.000

Phase 3.5 Small Shape Detail Placement
Phase 3.5 Small Shape Detail Placement | Checksum: 21a75f553

Time (s): cpu = 00:00:10 ; elapsed = 00:00:09 . Memory (MB): peak = 1177.473 ; gain = 0.000

Phase 3.6 Re-assign LUT pins
Phase 3.6 Re-assign LUT pins | Checksum: 191457286

Time (s): cpu = 00:00:10 ; elapsed = 00:00:09 . Memory (MB): peak = 1177.473 ; gain = 0.000

Phase 3.7 Pipeline Register Optimization
Phase 3.7 Pipeline Register Optimization | Checksum: 191457286

Time (s): cpu = 00:00:10 ; elapsed = 00:00:09 . Memory (MB): peak = 1177.473 ; gain = 0.000
Phase 3 Detail Placement | Checksum: 191457286

Time (s): cpu = 00:00:10 ; elapsed = 00:00:09 . Memory (MB): peak = 1177.473 ; gain = 0.000

Phase 4 Post Placement Optimization and Clean-Up

Phase 4.1 Post Commit Optimization
INFO: [Timing 38-35] Done setting XDC timing constraints.

Phase 4.1.1 Post Placement Optimization
Post Placement Optimization Initialization | Checksum: 187901daf

Phase 4.1.1.1 BUFG Insertion
INFO: [Physopt 32-721] Multithreading enabled for phys_opt_design using a maximum of 2 CPUs
INFO: [Place 46-31] BUFG insertion identified 0 candidate nets, 0 success, 0 skipped for placement/routing, 0 skipped for timing, 0 skipped for netlist change reason.
Phase 4.1.1.1 BUFG Insertion | Checksum: 187901daf

Time (s): cpu = 00:00:11 ; elapsed = 00:00:09 . Memory (MB): peak = 1180.160 ; gain = 2.688
INFO: [Place 30-746] Post Placement Timing Summary WNS=5.158. For the most accurate timing information please run report_timing.
Phase 4.1.1 Post Placement Optimization | Checksum: 1eb6c0b95

Time (s): cpu = 00:00:11 ; elapsed = 00:00:09 . Memory (MB): peak = 1180.160 ; gain = 2.688
Phase 4.1 Post Commit Optimization | Checksum: 1eb6c0b95

Time (s): cpu = 00:00:11 ; elapsed = 00:00:09 . Memory (MB): peak = 1180.160 ; gain = 2.688

Phase 4.2 Post Placement Cleanup
Phase 4.2 Post Placement Cleanup | Checksum: 1eb6c0b95

Time (s): cpu = 00:00:11 ; elapsed = 00:00:09 . Memory (MB): peak = 1180.160 ; gain = 2.688

Phase 4.3 Placer Reporting
Phase 4.3 Placer Reporting | Checksum: 1eb6c0b95

Time (s): cpu = 00:00:11 ; elapsed = 00:00:09 . Memory (MB): peak = 1180.160 ; gain = 2.688

Phase 4.4 Final Placement Cleanup
Phase 4.4 Final Placement Cleanup | Checksum: 21eeb4d80

Time (s): cpu = 00:00:11 ; elapsed = 00:00:09 . Memory (MB): peak = 1180.160 ; gain = 2.688
Phase 4 Post Placement Optimization and Clean-Up | Checksum: 21eeb4d80

Time (s): cpu = 00:00:11 ; elapsed = 00:00:09 . Memory (MB): peak = 1180.160 ; gain = 2.688
Ending Placer Task | Checksum: 12204661e

Time (s): cpu = 00:00:11 ; elapsed = 00:00:09 . Memory (MB): peak = 1180.160 ; gain = 2.688
INFO: [Common 17-83] Releasing license: Implementation
51 Infos, 0 Warnings, 0 Critical Warnings and 0 Errors encountered.
place_design completed successfully
place_design: Time (s): cpu = 00:00:15 ; elapsed = 00:00:12 . Memory (MB): peak = 1180.160 ; gain = 2.688
INFO: [Timing 38-480] Writing timing data to binary archive.
Writing placer database...
Writing XDEF routing.
Writing XDEF routing logical nets.
Writing XDEF routing special nets.
Write XDEF Complete: Time (s): cpu = 00:00:02 ; elapsed = 00:00:00.484 . Memory (MB): peak = 1187.734 ; gain = 7.574
INFO: [Common 17-1381] The checkpoint 'C:/Microarquitecturas_y_softcores/MyS_TP_final/encoder/encoder.runs/impl_2/system_wrapper_placed.dcp' has been generated.
INFO: [runtcl-4] Executing : report_io -file system_wrapper_io_placed.rpt
report_io: Time (s): cpu = 00:00:00 ; elapsed = 00:00:00.165 . Memory (MB): peak = 1187.734 ; gain = 0.000
INFO: [runtcl-4] Executing : report_utilization -file system_wrapper_utilization_placed.rpt -pb system_wrapper_utilization_placed.pb
report_utilization: Time (s): cpu = 00:00:01 ; elapsed = 00:00:00.090 . Memory (MB): peak = 1187.734 ; gain = 0.000
INFO: [runtcl-4] Executing : report_control_sets -verbose -file system_wrapper_control_sets_placed.rpt
report_control_sets: Time (s): cpu = 00:00:00 ; elapsed = 00:00:00.030 . Memory (MB): peak = 1187.734 ; gain = 0.000
Command: route_design
Attempting to get a license for feature 'Implementation' and/or device 'xc7z010'
INFO: [Common 17-349] Got license for feature 'Implementation' and/or device 'xc7z010'
Running DRC as a precondition to command route_design
INFO: [DRC 23-27] Running DRC with 2 threads
INFO: [Vivado_Tcl 4-198] DRC finished with 0 Errors
INFO: [Vivado_Tcl 4-199] Please refer to the DRC report (report_drc) for more information.


Starting Routing Task
INFO: [Route 35-254] Multithreading enabled for route_design using a maximum of 2 CPUs
Checksum: PlaceDB: 4ecb816a ConstDB: 0 ShapeSum: d338e4b4 RouteDB: 0

Phase 1 Build RT Design
Phase 1 Build RT Design | Checksum: b3c6145f

Time (s): cpu = 00:00:35 ; elapsed = 00:00:33 . Memory (MB): peak = 1243.953 ; gain = 56.219
Post Restoration Checksum: NetGraph: 59e7983 NumContArr: ae279adc Constraints: 0 Timing: 0

Phase 2 Router Initialization

Phase 2.1 Create Timer
Phase 2.1 Create Timer | Checksum: b3c6145f

Time (s): cpu = 00:00:35 ; elapsed = 00:00:33 . Memory (MB): peak = 1243.953 ; gain = 56.219

Phase 2.2 Fix Topology Constraints
Phase 2.2 Fix Topology Constraints | Checksum: b3c6145f

Time (s): cpu = 00:00:35 ; elapsed = 00:00:33 . Memory (MB): peak = 1249.941 ; gain = 62.207

Phase 2.3 Pre Route Cleanup
Phase 2.3 Pre Route Cleanup | Checksum: b3c6145f

Time (s): cpu = 00:00:35 ; elapsed = 00:00:33 . Memory (MB): peak = 1249.941 ; gain = 62.207
 Number of Nodes with overlaps = 0

Phase 2.4 Update Timing
Phase 2.4 Update Timing | Checksum: 207c051ab

Time (s): cpu = 00:00:37 ; elapsed = 00:00:34 . Memory (MB): peak = 1256.277 ; gain = 68.543
INFO: [Route 35-416] Intermediate Timing Summary | WNS=5.332  | TNS=0.000  | WHS=-0.189 | THS=-12.870|

Phase 2 Router Initialization | Checksum: 1aa57dd7f

Time (s): cpu = 00:00:37 ; elapsed = 00:00:34 . Memory (MB): peak = 1258.035 ; gain = 70.301

Phase 3 Initial Routing
Phase 3 Initial Routing | Checksum: 24ca63e19

Time (s): cpu = 00:00:37 ; elapsed = 00:00:34 . Memory (MB): peak = 1258.035 ; gain = 70.301

Phase 4 Rip-up And Reroute

Phase 4.1 Global Iteration 0
 Number of Nodes with overlaps = 80
 Number of Nodes with overlaps = 0
INFO: [Route 35-416] Intermediate Timing Summary | WNS=5.374  | TNS=0.000  | WHS=N/A    | THS=N/A    |

Phase 4.1 Global Iteration 0 | Checksum: 1fcbf8f84

Time (s): cpu = 00:00:38 ; elapsed = 00:00:35 . Memory (MB): peak = 1258.035 ; gain = 70.301
Phase 4 Rip-up And Reroute | Checksum: 1fcbf8f84

Time (s): cpu = 00:00:38 ; elapsed = 00:00:35 . Memory (MB): peak = 1258.035 ; gain = 70.301

Phase 5 Delay and Skew Optimization

Phase 5.1 Delay CleanUp

Phase 5.1.1 Update Timing
Phase 5.1.1 Update Timing | Checksum: 2503f37b5

Time (s): cpu = 00:00:38 ; elapsed = 00:00:35 . Memory (MB): peak = 1258.035 ; gain = 70.301
INFO: [Route 35-416] Intermediate Timing Summary | WNS=5.374  | TNS=0.000  | WHS=N/A    | THS=N/A    |

Phase 5.1 Delay CleanUp | Checksum: 2503f37b5

Time (s): cpu = 00:00:38 ; elapsed = 00:00:35 . Memory (MB): peak = 1258.035 ; gain = 70.301

Phase 5.2 Clock Skew Optimization
Phase 5.2 Clock Skew Optimization | Checksum: 2503f37b5

Time (s): cpu = 00:00:38 ; elapsed = 00:00:35 . Memory (MB): peak = 1258.035 ; gain = 70.301
Phase 5 Delay and Skew Optimization | Checksum: 2503f37b5

Time (s): cpu = 00:00:38 ; elapsed = 00:00:35 . Memory (MB): peak = 1258.035 ; gain = 70.301

Phase 6 Post Hold Fix

Phase 6.1 Hold Fix Iter

Phase 6.1.1 Update Timing
Phase 6.1.1 Update Timing | Checksum: 21c38b775

Time (s): cpu = 00:00:39 ; elapsed = 00:00:35 . Memory (MB): peak = 1258.035 ; gain = 70.301
INFO: [Route 35-416] Intermediate Timing Summary | WNS=5.374  | TNS=0.000  | WHS=0.037  | THS=0.000  |

Phase 6.1 Hold Fix Iter | Checksum: 1c3f5ae86

Time (s): cpu = 00:00:39 ; elapsed = 00:00:35 . Memory (MB): peak = 1258.035 ; gain = 70.301
Phase 6 Post Hold Fix | Checksum: 1c3f5ae86

Time (s): cpu = 00:00:39 ; elapsed = 00:00:35 . Memory (MB): peak = 1258.035 ; gain = 70.301

Phase 7 Route finalize

Router Utilization Summary
  Global Vertical Routing Utilization    = 0.32897 %
  Global Horizontal Routing Utilization  = 0.463925 %
  Routable Net Status*
  *Does not include unroutable nets such as driverless and loadless.
  Run report_route_status for detailed report.
  Number of Failed Nets               = 0
  Number of Unrouted Nets             = 0
  Number of Partially Routed Nets     = 0
  Number of Node Overlaps             = 0

Phase 7 Route finalize | Checksum: 1c81b7aca

Time (s): cpu = 00:00:39 ; elapsed = 00:00:35 . Memory (MB): peak = 1258.035 ; gain = 70.301

Phase 8 Verifying routed nets

 Verification completed successfully
Phase 8 Verifying routed nets | Checksum: 1c81b7aca

Time (s): cpu = 00:00:39 ; elapsed = 00:00:35 . Memory (MB): peak = 1259.070 ; gain = 71.336

Phase 9 Depositing Routes
Phase 9 Depositing Routes | Checksum: 1a6eb83ee

Time (s): cpu = 00:00:39 ; elapsed = 00:00:35 . Memory (MB): peak = 1259.070 ; gain = 71.336

Phase 10 Post Router Timing
INFO: [Route 35-57] Estimated Timing Summary | WNS=5.374  | TNS=0.000  | WHS=0.037  | THS=0.000  |

INFO: [Route 35-327] The final timing numbers are based on the router estimated timing analysis. For a complete and accurate timing signoff, please run report_timing_summary.
Phase 10 Post Router Timing | Checksum: 1a6eb83ee

Time (s): cpu = 00:00:39 ; elapsed = 00:00:35 . Memory (MB): peak = 1259.070 ; gain = 71.336
INFO: [Route 35-16] Router Completed Successfully

Time (s): cpu = 00:00:39 ; elapsed = 00:00:35 . Memory (MB): peak = 1259.070 ; gain = 71.336

Routing Is Done.
INFO: [Common 17-83] Releasing license: Implementation
69 Infos, 0 Warnings, 0 Critical Warnings and 0 Errors encountered.
route_design completed successfully
route_design: Time (s): cpu = 00:00:44 ; elapsed = 00:00:39 . Memory (MB): peak = 1259.070 ; gain = 71.336
INFO: [Timing 38-480] Writing timing data to binary archive.
Writing placer database...
Writing XDEF routing.
Writing XDEF routing logical nets.
Writing XDEF routing special nets.
Write XDEF Complete: Time (s): cpu = 00:00:02 ; elapsed = 00:00:00.502 . Memory (MB): peak = 1262.777 ; gain = 3.707
INFO: [Common 17-1381] The checkpoint 'C:/Microarquitecturas_y_softcores/MyS_TP_final/encoder/encoder.runs/impl_2/system_wrapper_routed.dcp' has been generated.
INFO: [runtcl-4] Executing : report_drc -file system_wrapper_drc_routed.rpt -pb system_wrapper_drc_routed.pb -rpx system_wrapper_drc_routed.rpx
Command: report_drc -file system_wrapper_drc_routed.rpt -pb system_wrapper_drc_routed.pb -rpx system_wrapper_drc_routed.rpx
INFO: [DRC 23-27] Running DRC with 2 threads
INFO: [Coretcl 2-168] The results of DRC are in file C:/Microarquitecturas_y_softcores/MyS_TP_final/encoder/encoder.runs/impl_2/system_wrapper_drc_routed.rpt.
report_drc completed successfully
INFO: [runtcl-4] Executing : report_methodology -file system_wrapper_methodology_drc_routed.rpt -pb system_wrapper_methodology_drc_routed.pb -rpx system_wrapper_methodology_drc_routed.rpx
Command: report_methodology -file system_wrapper_methodology_drc_routed.rpt -pb system_wrapper_methodology_drc_routed.pb -rpx system_wrapper_methodology_drc_routed.rpx
INFO: [Timing 38-35] Done setting XDC timing constraints.
INFO: [Timing 38-35] Done setting XDC timing constraints.
INFO: [DRC 23-133] Running Methodology with 2 threads
INFO: [Coretcl 2-1520] The results of Report Methodology are in file C:/Microarquitecturas_y_softcores/MyS_TP_final/encoder/encoder.runs/impl_2/system_wrapper_methodology_drc_routed.rpt.
report_methodology completed successfully
INFO: [runtcl-4] Executing : report_power -file system_wrapper_power_routed.rpt -pb system_wrapper_power_summary_routed.pb -rpx system_wrapper_power_routed.rpx
Command: report_power -file system_wrapper_power_routed.rpt -pb system_wrapper_power_summary_routed.pb -rpx system_wrapper_power_routed.rpx
INFO: [Timing 38-35] Done setting XDC timing constraints.
Running Vector-less Activity Propagation...

Finished Running Vector-less Activity Propagation
81 Infos, 0 Warnings, 0 Critical Warnings and 0 Errors encountered.
report_power completed successfully
INFO: [runtcl-4] Executing : report_route_status -file system_wrapper_route_status.rpt -pb system_wrapper_route_status.pb
INFO: [runtcl-4] Executing : report_timing_summary -max_paths 10 -file system_wrapper_timing_summary_routed.rpt -pb system_wrapper_timing_summary_routed.pb -rpx system_wrapper_timing_summary_routed.rpx -warn_on_violation 
INFO: [Timing 38-91] UpdateTimingParams: Speed grade: -1, Delay Type: min_max, Timing Stage: Requireds.
INFO: [Timing 38-191] Multithreading enabled for timing update using a maximum of 2 CPUs
INFO: [runtcl-4] Executing : report_incremental_reuse -file system_wrapper_incremental_reuse_routed.rpt
INFO: [Vivado_Tcl 4-545] No incremental reuse to report, no incremental placement and routing data was found.
INFO: [runtcl-4] Executing : report_clock_utilization -file system_wrapper_clock_utilization_routed.rpt
INFO: [runtcl-4] Executing : report_bus_skew -warn_on_violation -file route_report_bus_skew_0.rpt -rpx route_report_bus_skew_0.rpx
INFO: [Timing 38-91] UpdateTimingParams: Speed grade: -1, Delay Type: min_max, Timing Stage: Requireds.
INFO: [Timing 38-191] Multithreading enabled for timing update using a maximum of 2 CPUs
Command: write_bitstream -force system_wrapper.bit
Attempting to get a license for feature 'Implementation' and/or device 'xc7z010'
INFO: [Common 17-349] Got license for feature 'Implementation' and/or device 'xc7z010'
Running DRC as a precondition to command write_bitstream
INFO: [DRC 23-27] Running DRC with 2 threads
INFO: [Vivado 12-3199] DRC finished with 0 Errors
INFO: [Vivado 12-3200] Please refer to the DRC report (report_drc) for more information.
INFO: [Designutils 20-2272] Running write_bitstream with 2 threads.
Loading data files...
Loading site data...
Loading route data...
Processing options...
Creating bitmap...
Creating bitstream...
Writing bitstream ./system_wrapper.bit...
INFO: [Vivado 12-1842] Bitgen Completed Successfully.
INFO: [Project 1-120] WebTalk data collection is mandatory when using a WebPACK part without a full Vivado license. To see the specific WebTalk data collected for your design, open the usage_statistics_webtalk.html or usage_statistics_webtalk.xml file in the implementation directory.
INFO: [Common 17-83] Releasing license: Implementation
99 Infos, 0 Warnings, 0 Critical Warnings and 0 Errors encountered.
write_bitstream completed successfully
write_bitstream: Time (s): cpu = 00:00:31 ; elapsed = 00:00:30 . Memory (MB): peak = 1690.805 ; gain = 396.902
INFO: [Common 17-206] Exiting Vivado at Sat Aug 15 23:49:09 2020...
