20:48:35 INFO  : Registering command handlers for SDK TCF services
20:48:37 INFO  : Launching XSCT server: xsct.bat -interactive C:\Microarquitecturas_y_softcores\MyS_TP\MyS_TP_final\encoder\encoder.sdk\temp_xsdb_launch_script.tcl
20:48:42 INFO  : XSCT server has started successfully.
20:48:44 INFO  : Processing command line option -hwspec C:/Microarquitecturas_y_softcores/MyS_TP/MyS_TP_final/encoder/encoder.sdk/system_wrapper.hdf.
20:48:44 INFO  : Successfully done setting XSCT server connection channel  
20:48:44 INFO  : Successfully done setting SDK workspace  
20:50:59 INFO  : Connected to target on host '127.0.0.1' and port '3121'.
20:51:09 INFO  : 'targets -set -filter {jtag_cable_name =~ "Digilent Arty Z7 003017A6B991A" && level==0} -index 1' command is executed.
20:51:11 INFO  : FPGA configured successfully with bitstream "C:/Microarquitecturas_y_softcores/MyS_TP/MyS_TP_final/encoder/encoder.sdk/system_wrapper_hw_platform_0/system_wrapper.bit"
20:51:23 INFO  : 'targets -set -filter {jtag_cable_name =~ "Digilent Arty Z7 003017A6B991A" && level==0} -index 1' command is executed.
20:51:23 INFO  : 'fpga -state' command is executed.
20:51:23 INFO  : Connected to target on host '127.0.0.1' and port '3121'.
20:51:24 INFO  : Jtag cable 'Digilent Arty Z7 003017A6B991A' is selected.
20:51:24 INFO  : 'jtag frequency' command is executed.
20:51:24 INFO  : Sourcing of 'C:/Microarquitecturas_y_softcores/MyS_TP/MyS_TP_final/encoder/encoder.sdk/system_wrapper_hw_platform_0/ps7_init.tcl' is done.
20:51:24 INFO  : Context for 'APU' is selected.
20:51:24 INFO  : Hardware design information is loaded from 'C:/Microarquitecturas_y_softcores/MyS_TP/MyS_TP_final/encoder/encoder.sdk/system_wrapper_hw_platform_0/system.hdf'.
20:51:24 INFO  : 'configparams force-mem-access 1' command is executed.
20:51:25 INFO  : Context for 'APU' is selected.
20:51:25 INFO  : 'stop' command is executed.
20:51:26 INFO  : 'ps7_init' command is executed.
20:51:26 INFO  : 'ps7_post_config' command is executed.
20:51:26 INFO  : Context for processor 'ps7_cortexa9_0' is selected.
20:51:26 INFO  : Processor reset is completed for 'ps7_cortexa9_0'.
20:51:26 INFO  : Context for processor 'ps7_cortexa9_0' is selected.
20:51:26 INFO  : The application 'C:/Microarquitecturas_y_softcores/MyS_TP/MyS_TP_final/encoder/encoder.sdk/encoder/Debug/encoder.elf' is downloaded to processor 'ps7_cortexa9_0'.
20:51:26 INFO  : 'configparams force-mem-access 0' command is executed.
20:51:26 INFO  : ----------------XSDB Script----------------
connect -url tcp:127.0.0.1:3121
source C:/Microarquitecturas_y_softcores/MyS_TP/MyS_TP_final/encoder/encoder.sdk/system_wrapper_hw_platform_0/ps7_init.tcl
targets -set -nocase -filter {name =~"APU*" && jtag_cable_name =~ "Digilent Arty Z7 003017A6B991A"} -index 0
loadhw -hw C:/Microarquitecturas_y_softcores/MyS_TP/MyS_TP_final/encoder/encoder.sdk/system_wrapper_hw_platform_0/system.hdf -mem-ranges [list {0x40000000 0xbfffffff}]
configparams force-mem-access 1
targets -set -nocase -filter {name =~"APU*" && jtag_cable_name =~ "Digilent Arty Z7 003017A6B991A"} -index 0
stop
ps7_init
ps7_post_config
targets -set -nocase -filter {name =~ "ARM*#0" && jtag_cable_name =~ "Digilent Arty Z7 003017A6B991A"} -index 0
rst -processor
targets -set -nocase -filter {name =~ "ARM*#0" && jtag_cable_name =~ "Digilent Arty Z7 003017A6B991A"} -index 0
dow C:/Microarquitecturas_y_softcores/MyS_TP/MyS_TP_final/encoder/encoder.sdk/encoder/Debug/encoder.elf
configparams force-mem-access 0
----------------End of Script----------------

20:51:27 INFO  : Context for processor 'ps7_cortexa9_0' is selected.
20:51:27 INFO  : 'con' command is executed.
20:51:27 INFO  : ----------------XSDB Script (After Launch)----------------
targets -set -nocase -filter {name =~ "ARM*#0" && jtag_cable_name =~ "Digilent Arty Z7 003017A6B991A"} -index 0
con
----------------End of Script----------------

20:51:27 INFO  : Disconnected from the channel tcfchan#1.
